<?xml version="1.0" encoding="UTF-8"?>
<testsuite name="com.biuea.jpaapplication.JpaApplicationTests" tests="1" skipped="0" failures="0" errors="0" timestamp="2025-02-01T12:41:23" hostname="jobongjun-ui-MacBookPro.local" time="0.462">
  <properties/>
  <testcase name="contextLoads()" classname="com.biuea.jpaapplication.JpaApplicationTests" time="0.462"/>
  <system-out><![CDATA[21:41:19.423 [Test worker] INFO org.springframework.test.context.support.AnnotationConfigContextLoaderUtils -- Could not detect default configuration classes for test class [com.biuea.jpaapplication.JpaApplicationTests]: JpaApplicationTests does not declare any static, non-private, non-final, nested classes annotated with @Configuration.
21:41:19.505 [Test worker] INFO org.springframework.boot.test.context.SpringBootTestContextBootstrapper -- Found @SpringBootConfiguration com.biuea.jpaapplication.JpaApplication for test class com.biuea.jpaapplication.JpaApplicationTests

  .   ____          _            __ _ _
 /\\ / ___'_ __ _ _(_)_ __  __ _ \ \ \ \
( ( )\___ | '_ | '_| | '_ \/ _` | \ \ \ \
 \\/  ___)| |_)| | | | | || (_| |  ) ) ) )
  '  |____| .__|_| |_|_| |_\__, | / / / /
 =========|_|==============|___/=/_/_/_/

 :: Spring Boot ::                (v3.4.0)

2025-02-01T21:41:19.814+09:00  INFO 73921 --- [    Test worker] c.b.jpaapplication.JpaApplicationTests   : Starting JpaApplicationTests using Java 17.0.10 with PID 73921 (started by biuea in /Users/biuea/spring-playground/jpa-application)
2025-02-01T21:41:19.816+09:00  INFO 73921 --- [    Test worker] c.b.jpaapplication.JpaApplicationTests   : No active profile set, falling back to 1 default profile: "default"
2025-02-01T21:41:20.430+09:00  INFO 73921 --- [    Test worker] .s.d.r.c.RepositoryConfigurationDelegate : Multiple Spring Data modules found, entering strict repository configuration mode
2025-02-01T21:41:20.431+09:00  INFO 73921 --- [    Test worker] .s.d.r.c.RepositoryConfigurationDelegate : Bootstrapping Spring Data JPA repositories in DEFAULT mode.
2025-02-01T21:41:20.461+09:00  INFO 73921 --- [    Test worker] .s.d.r.c.RepositoryConfigurationDelegate : Finished Spring Data repository scanning in 18 ms. Found 0 JPA repository interfaces.
2025-02-01T21:41:20.479+09:00  INFO 73921 --- [    Test worker] .s.d.r.c.RepositoryConfigurationDelegate : Multiple Spring Data modules found, entering strict repository configuration mode
2025-02-01T21:41:20.480+09:00  INFO 73921 --- [    Test worker] .s.d.r.c.RepositoryConfigurationDelegate : Bootstrapping Spring Data Redis repositories in DEFAULT mode.
2025-02-01T21:41:20.525+09:00  INFO 73921 --- [    Test worker] .s.d.r.c.RepositoryConfigurationDelegate : Finished Spring Data repository scanning in 30 ms. Found 0 Redis repository interfaces.
2025-02-01T21:41:20.986+09:00  INFO 73921 --- [    Test worker] o.hibernate.jpa.internal.util.LogHelper  : HHH000204: Processing PersistenceUnitInfo [name: default]
2025-02-01T21:41:21.029+09:00  INFO 73921 --- [    Test worker] org.hibernate.Version                    : HHH000412: Hibernate ORM core version 6.6.2.Final
2025-02-01T21:41:21.047+09:00  INFO 73921 --- [    Test worker] o.h.c.internal.RegionFactoryInitiator    : HHH000026: Second-level cache disabled
2025-02-01T21:41:21.236+09:00  INFO 73921 --- [    Test worker] o.s.o.j.p.SpringPersistenceUnitInfo      : No LoadTimeWeaver setup: ignoring JPA class transformer
2025-02-01T21:41:21.259+09:00  INFO 73921 --- [    Test worker] com.zaxxer.hikari.HikariDataSource       : HikariPool-1 - Starting...
2025-02-01T21:41:21.397+09:00  INFO 73921 --- [    Test worker] com.zaxxer.hikari.pool.HikariPool        : HikariPool-1 - Added connection conn0: url=jdbc:h2:~/test user=SA
2025-02-01T21:41:21.399+09:00  INFO 73921 --- [    Test worker] com.zaxxer.hikari.HikariDataSource       : HikariPool-1 - Start completed.
2025-02-01T21:41:21.416+09:00  WARN 73921 --- [    Test worker] org.hibernate.orm.deprecation            : HHH90000025: H2Dialect does not need to be specified explicitly using 'hibernate.dialect' (remove the property setting and it will be selected by default)
2025-02-01T21:41:21.441+09:00  INFO 73921 --- [    Test worker] org.hibernate.orm.connections.pooling    : HHH10001005: Database info:
	Database JDBC URL [Connecting through datasource 'HikariDataSource (HikariPool-1)']
	Database driver: undefined/unknown
	Database version: 2.3.232
	Autocommit mode: undefined/unknown
	Isolation level: undefined/unknown
	Minimum pool size: undefined/unknown
	Maximum pool size: undefined/unknown
2025-02-01T21:41:22.070+09:00  INFO 73921 --- [    Test worker] o.h.e.t.j.p.i.JtaPlatformInitiator       : HHH000489: No JTA platform available (set 'hibernate.transaction.jta.platform' to enable JTA platform integration)
2025-02-01T21:41:22.075+09:00  INFO 73921 --- [    Test worker] j.LocalContainerEntityManagerFactoryBean : Initialized JPA EntityManagerFactory for persistence unit 'default'
2025-02-01T21:41:22.240+09:00  WARN 73921 --- [    Test worker] JpaBaseConfiguration$JpaWebConfiguration : spring.jpa.open-in-view is enabled by default. Therefore, database queries may be performed during view rendering. Explicitly configure spring.jpa.open-in-view to disable this warning
2025-02-01T21:41:22.551+09:00 ERROR 73921 --- [    Test worker] i.n.r.d.DnsServerAddressStreamProviders  : Unable to load io.netty.resolver.dns.macos.MacOSDnsServerAddressStreamProvider, fallback to system defaults. This may result in incorrect DNS resolutions on MacOS. Check whether you have a dependency on 'io.netty:netty-resolver-dns-native-macos'. Use DEBUG level to see the full stack: java.lang.UnsatisfiedLinkError: failed to load the required native library
2025-02-01T21:41:22.876+09:00  WARN 73921 --- [    Test worker] .s.s.UserDetailsServiceAutoConfiguration : 

Using generated security password: e52bf8a6-608e-4839-bc15-f6cf7bbfd632

This generated password is for development use only. Your security configuration must be updated before running your application in production.

2025-02-01T21:41:22.898+09:00  INFO 73921 --- [    Test worker] r$InitializeUserDetailsManagerConfigurer : Global AuthenticationManager configured with UserDetailsService bean with name inMemoryUserDetailsManager
2025-02-01T21:41:23.042+09:00  INFO 73921 --- [    Test worker] c.b.jpaapplication.JpaApplicationTests   : Started JpaApplicationTests in 3.436 seconds (process running for 4.367)
]]></system-out>
  <system-err><![CDATA[]]></system-err>
</testsuite>
